build/outputs/logs/manifest-merger-debug-report.txt
-- Merging decision tree log ---
manifest
ADDED from src\main\AndroidManifest.xml:2:1-508:12
	package
		ADDED from src\main\AndroidManifest.xml:3:5-36
	android:versionName
		ADDED from src\main\AndroidManifest.xml:6:5-33
		INJECTED from src\main\AndroidManifest.xml
		INJECTED from src\main\AndroidManifest.xml
	android:versionCode
		ADDED from src\main\AndroidManifest.xml:5:5-29
		INJECTED from src\main\AndroidManifest.xml
		INJECTED from src\main\AndroidManifest.xml
	xmlns:android
		ADDED from src\main\AndroidManifest.xml:2:11-69
	android:installLocation
		ADDED from src\main\AndroidManifest.xml:4:5-35
uses-sdk
ADDED from src\main\AndroidManifest.xml:8:5-10:41
MERGED from [xjdh-android:slidingmenu_library:unspecified] AndroidManifest.xml:7:5-9:41
MERGED from [xjdh-android:viepagerindicator_library:unspecified] AndroidManifest.xml:7:5-9:40
MERGED from [com.android.support:appcompat-v7:25.0.0] AndroidManifest.xml:21:5-23:78
MERGED from [com.android.support:support-v4:25.0.0] AndroidManifest.xml:21:5-23:54
MERGED from [com.android.support:support-fragment:25.0.0] AndroidManifest.xml:21:5-23:60
MERGED from [com.android.support:support-media-compat:25.0.0] AndroidManifest.xml:21:5-23:63
MERGED from [com.android.support:support-core-ui:25.0.0] AndroidManifest.xml:21:5-23:58
MERGED from [com.android.support:support-core-utils:25.0.0] AndroidManifest.xml:21:5-23:61
MERGED from [com.android.support:animated-vector-drawable:25.0.0] AndroidManifest.xml:20:5-44
MERGED from [com.android.support:support-vector-drawable:25.0.0] AndroidManifest.xml:21:5-43
MERGED from [com.android.support:support-compat:25.0.0] AndroidManifest.xml:21:5-23:58
MERGED from [com.android.support.constraint:constraint-layout:1.0.0-alpha7] AndroidManifest.xml:5:5-7:41
	tools:overrideLibrary
		ADDED from [com.android.support:appcompat-v7:25.0.0] AndroidManifest.xml:23:9-75
	android:targetSdkVersion
		ADDED from src\main\AndroidManifest.xml:10:9-38
	android:minSdkVersion
		ADDED from src\main\AndroidManifest.xml:9:9-35
supports-screens
ADDED from src\main\AndroidManifest.xml:12:5-18:40
	android:largeScreens
		ADDED from src\main\AndroidManifest.xml:14:9-36
	android:smallScreens
		ADDED from src\main\AndroidManifest.xml:17:9-36
	android:normalScreens
		ADDED from src\main\AndroidManifest.xml:15:9-37
	android:xlargeScreens
		ADDED from src\main\AndroidManifest.xml:18:9-37
	android:resizeable
		ADDED from src\main\AndroidManifest.xml:16:9-34
	android:anyDensity
		ADDED from src\main\AndroidManifest.xml:13:9-34
uses-permission#android.permission.READ_EXTERNAL_STORAGE
ADDED from src\main\AndroidManifest.xml:20:5-80
	android:name
		ADDED from src\main\AndroidManifest.xml:20:22-77
uses-permission#android.permission.WRITE_EXTERNAL_STORAGE
ADDED from src\main\AndroidManifest.xml:21:5-81
	android:name
		ADDED from src\main\AndroidManifest.xml:21:22-78
uses-permission#android.permission.WAKE_LOCK
ADDED from src\main\AndroidManifest.xml:22:5-68
	android:name
		ADDED from src\main\AndroidManifest.xml:22:22-65
uses-permission#android.permission.ACCESS_NETWORK_STATE
ADDED from src\main\AndroidManifest.xml:23:5-79
	android:name
		ADDED from src\main\AndroidManifest.xml:23:22-76
uses-permission#android.permission.ACCESS_WIFI_STATE
ADDED from src\main\AndroidManifest.xml:24:5-76
	android:name
		ADDED from src\main\AndroidManifest.xml:24:22-73
uses-permission#android.permission.READ_PHONE_STATE
ADDED from src\main\AndroidManifest.xml:25:5-75
	android:name
		ADDED from src\main\AndroidManifest.xml:25:22-72
uses-permission#android.permission.ACCESS_COARSE_LOCATION
ADDED from src\main\AndroidManifest.xml:26:5-81
	android:name
		ADDED from src\main\AndroidManifest.xml:26:22-78
uses-permission#android.permission.FLASHLIGHT
ADDED from src\main\AndroidManifest.xml:27:5-69
	android:name
		ADDED from src\main\AndroidManifest.xml:27:22-66
uses-feature#android.hardware.camera
ADDED from src\main\AndroidManifest.xml:29:5-60
	android:name
		ADDED from src\main\AndroidManifest.xml:29:19-57
uses-feature#android.hardware.camera.autofocus
ADDED from src\main\AndroidManifest.xml:30:5-70
	android:name
		ADDED from src\main\AndroidManifest.xml:30:19-67
uses-permission#android.permission.BLUETOOTH
ADDED from src\main\AndroidManifest.xml:36:5-68
	android:name
		ADDED from src\main\AndroidManifest.xml:36:22-65
uses-permission#android.permission.BLUETOOTH_ADMIN
ADDED from src\main\AndroidManifest.xml:37:5-74
	android:name
		ADDED from src\main\AndroidManifest.xml:37:22-71
uses-permission#android.permission.NFC
ADDED from src\main\AndroidManifest.xml:38:5-62
	android:name
		ADDED from src\main\AndroidManifest.xml:38:22-59
uses-feature#android.hardware.nfc
ADDED from src\main\AndroidManifest.xml:40:5-42:35
	android:required
		ADDED from src\main\AndroidManifest.xml:42:9-32
	android:name
		ADDED from src\main\AndroidManifest.xml:41:9-44
uses-permission#android.permission.CAMERA
ADDED from src\main\AndroidManifest.xml:44:5-65
	android:name
		ADDED from src\main\AndroidManifest.xml:44:22-62
uses-permission#android.permission.MOUNT_UNMOUNT_FILESYSTEMS
ADDED from src\main\AndroidManifest.xml:45:5-84
	android:name
		ADDED from src\main\AndroidManifest.xml:45:22-81
uses-permission#android.permission.RECORD_AUDIO
ADDED from src\main\AndroidManifest.xml:46:5-71
	android:name
		ADDED from src\main\AndroidManifest.xml:46:22-68
uses-permission#android.permission.SYSTEM_ALERT_WINDOW
ADDED from src\main\AndroidManifest.xml:53:5-78
	android:name
		ADDED from src\main\AndroidManifest.xml:53:22-75
uses-permission#android.permission.VIBRATE
ADDED from src\main\AndroidManifest.xml:54:5-66
	android:name
		ADDED from src\main\AndroidManifest.xml:54:22-63
uses-permission#android.permission.GET_TASKS
ADDED from src\main\AndroidManifest.xml:57:5-68
	android:name
		ADDED from src\main\AndroidManifest.xml:57:22-65
uses-permission#com.android.launcher.permission.READ_SETTINGS
ADDED from src\main\AndroidManifest.xml:58:5-85
	android:name
		ADDED from src\main\AndroidManifest.xml:58:22-82
uses-permission#android.permission.WRITE_SETTINGS
ADDED from src\main\AndroidManifest.xml:61:5-73
	android:name
		ADDED from src\main\AndroidManifest.xml:61:22-70
uses-permission#android.permission.RECEIVE_BOOT_COMPLETED
ADDED from src\main\AndroidManifest.xml:62:5-81
	android:name
		ADDED from src\main\AndroidManifest.xml:62:22-78
uses-permission#android.permission.ACCESS_FINE_LOCATION
ADDED from src\main\AndroidManifest.xml:66:5-79
	android:name
		ADDED from src\main\AndroidManifest.xml:66:22-76
uses-permission#android.permission.CHANGE_WIFI_STATE
ADDED from src\main\AndroidManifest.xml:73:5-76
	android:name
		ADDED from src\main\AndroidManifest.xml:73:22-73
uses-permission#android.permission.INTERNET
ADDED from src\main\AndroidManifest.xml:79:5-67
	android:name
		ADDED from src\main\AndroidManifest.xml:79:22-64
uses-permission#android.permission.READ_LOGS
ADDED from src\main\AndroidManifest.xml:83:5-68
	android:name
		ADDED from src\main\AndroidManifest.xml:83:22-65
application
ADDED from src\main\AndroidManifest.xml:92:5-506:19
MERGED from [com.android.support:appcompat-v7:25.0.0] AndroidManifest.xml:25:5-20
MERGED from [com.android.support:support-v4:25.0.0] AndroidManifest.xml:25:5-20
MERGED from [com.android.support:support-fragment:25.0.0] AndroidManifest.xml:25:5-20
MERGED from [com.android.support:support-media-compat:25.0.0] AndroidManifest.xml:25:5-20
MERGED from [com.android.support:support-core-ui:25.0.0] AndroidManifest.xml:25:5-20
MERGED from [com.android.support:support-core-utils:25.0.0] AndroidManifest.xml:25:5-20
MERGED from [com.android.support:animated-vector-drawable:25.0.0] AndroidManifest.xml:22:5-20
MERGED from [com.android.support:support-vector-drawable:25.0.0] AndroidManifest.xml:23:5-20
MERGED from [com.android.support:support-compat:25.0.0] AndroidManifest.xml:25:5-20
MERGED from [com.android.support.constraint:constraint-layout:1.0.0-alpha7] AndroidManifest.xml:9:5-20
	android:label
		ADDED from src\main\AndroidManifest.xml:97:9-42
	android:hardwareAccelerated
		ADDED from src\main\AndroidManifest.xml:95:9-43
	android:allowBackup
		ADDED from src\main\AndroidManifest.xml:94:9-35
	android:icon
		ADDED from src\main\AndroidManifest.xml:96:9-38
	android:theme
		ADDED from src\main\AndroidManifest.xml:98:9-40
	android:name
		ADDED from src\main\AndroidManifest.xml:93:9-40
meta-data#com.baidu.lbsapi.API_KEY
ADDED from src\main\AndroidManifest.xml:99:9-101:64
	android:value
		ADDED from src\main\AndroidManifest.xml:101:13-61
	android:name
		ADDED from src\main\AndroidManifest.xml:100:13-52
activity#com.chinatelecom.xjdh.app.AppStart_
ADDED from src\main\AndroidManifest.xml:103:9-117:20
	android:label
		ADDED from src\main\AndroidManifest.xml:105:13-46
	android:theme
		ADDED from src\main\AndroidManifest.xml:106:13-71
	android:name
		ADDED from src\main\AndroidManifest.xml:104:13-42
intent-filter#android.intent.action.MAIN+android.intent.category.DEFAULT+android.intent.category.LAUNCHER+com.ultrapower.android.me.APP
ADDED from src\main\AndroidManifest.xml:107:13-113:29
action#com.ultrapower.android.me.APP
ADDED from src\main\AndroidManifest.xml:108:17-72
	android:name
		ADDED from src\main\AndroidManifest.xml:108:25-69
action#android.intent.action.MAIN
ADDED from src\main\AndroidManifest.xml:109:17-69
	android:name
		ADDED from src\main\AndroidManifest.xml:109:25-66
category#android.intent.category.DEFAULT
ADDED from src\main\AndroidManifest.xml:111:17-76
	android:name
		ADDED from src\main\AndroidManifest.xml:111:27-73
category#android.intent.category.LAUNCHER
ADDED from src\main\AndroidManifest.xml:112:17-77
	android:name
		ADDED from src\main\AndroidManifest.xml:112:27-74
intent-filter#android.nfc.action.NDEF_DISCOVERED
ADDED from src\main\AndroidManifest.xml:114:13-116:29
action#android.nfc.action.NDEF_DISCOVERED
ADDED from src\main\AndroidManifest.xml:115:17-77
	android:name
		ADDED from src\main\AndroidManifest.xml:115:25-74
activity#com.chinatelecom.xjdh.ui.SurveillanceActivity_
ADDED from src\main\AndroidManifest.xml:118:9-120:86
	android:configChanges
		ADDED from src\main\AndroidManifest.xml:120:13-74
	android:name
		ADDED from src\main\AndroidManifest.xml:119:13-53
activity#com.chinatelecom.xjdh.ui.DoorListActivity_
ADDED from src\main\AndroidManifest.xml:121:9-123:82
	android:windowSoftInputMode
		ADDED from src\main\AndroidManifest.xml:123:13-70
	android:name
		ADDED from src\main\AndroidManifest.xml:122:13-49
activity#com.chinatelecom.xjdh.ui.RstpVideoActivity_
ADDED from src\main\AndroidManifest.xml:124:9-127:82
	android:windowSoftInputMode
		ADDED from src\main\AndroidManifest.xml:127:13-70
	android:configChanges
		ADDED from src\main\AndroidManifest.xml:126:13-83
	android:name
		ADDED from src\main\AndroidManifest.xml:125:13-50
activity#com.chinatelecom.xjdh.ui.RtspPlayersActivity_
ADDED from src\main\AndroidManifest.xml:128:9-131:82
	android:windowSoftInputMode
		ADDED from src\main\AndroidManifest.xml:131:13-70
	android:configChanges
		ADDED from src\main\AndroidManifest.xml:130:13-59
	android:name
		ADDED from src\main\AndroidManifest.xml:129:13-52
activity#com.chinatelecom.xjdh.ui.RtspPlayerActivity_
ADDED from src\main\AndroidManifest.xml:132:9-135:82
	android:windowSoftInputMode
		ADDED from src\main\AndroidManifest.xml:135:13-70
	android:configChanges
		ADDED from src\main\AndroidManifest.xml:134:13-87
	android:name
		ADDED from src\main\AndroidManifest.xml:133:13-51
activity#com.chinatelecom.xjdh.scan.CaptureActivity_
ADDED from src\main\AndroidManifest.xml:136:9-138:82
	android:windowSoftInputMode
		ADDED from src\main\AndroidManifest.xml:138:13-70
	android:name
		ADDED from src\main\AndroidManifest.xml:137:13-50
activity#com.chinatelecom.xjdh.ui.EditActivity_
ADDED from src\main\AndroidManifest.xml:139:9-141:82
	android:windowSoftInputMode
		ADDED from src\main\AndroidManifest.xml:141:13-70
	android:name
		ADDED from src\main\AndroidManifest.xml:140:13-45
activity#com.chinatelecom.xjdh.ui.UserBackActivity_
ADDED from src\main\AndroidManifest.xml:142:9-144:82
	android:windowSoftInputMode
		ADDED from src\main\AndroidManifest.xml:144:13-70
	android:name
		ADDED from src\main\AndroidManifest.xml:143:13-49
activity#com.chinatelecom.xjdh.ui.CodeActivity_
ADDED from src\main\AndroidManifest.xml:145:9-147:82
	android:windowSoftInputMode
		ADDED from src\main\AndroidManifest.xml:147:13-70
	android:name
		ADDED from src\main\AndroidManifest.xml:146:13-45
activity#com.chinatelecom.xjdh.ui.NavigationActivity_
ADDED from src\main\AndroidManifest.xml:148:9-150:82
	android:windowSoftInputMode
		ADDED from src\main\AndroidManifest.xml:150:13-70
	android:name
		ADDED from src\main\AndroidManifest.xml:149:13-51
activity#com.chinatelecom.xjdh.ui.PWDActivity_
ADDED from src\main\AndroidManifest.xml:151:9-153:46
	android:launchMode
		ADDED from src\main\AndroidManifest.xml:153:13-43
	android:name
		ADDED from src\main\AndroidManifest.xml:152:13-44
activity#com.chinatelecom.xjdh.ui.LoginActivity_
ADDED from src\main\AndroidManifest.xml:154:9-157:82
	android:screenOrientation
		ADDED from src\main\AndroidManifest.xml:156:13-49
	android:windowSoftInputMode
		ADDED from src\main\AndroidManifest.xml:157:13-70
	android:name
		ADDED from src\main\AndroidManifest.xml:155:13-46
activity#com.chinatelecom.xjdh.ui.DoorActivity_
ADDED from src\main\AndroidManifest.xml:158:9-160:82
	android:windowSoftInputMode
		ADDED from src\main\AndroidManifest.xml:160:13-70
	android:name
		ADDED from src\main\AndroidManifest.xml:159:13-45
activity#com.chinatelecom.xjdh.ui.AcceptanceActivity_
ADDED from src\main\AndroidManifest.xml:161:9-163:82
	android:windowSoftInputMode
		ADDED from src\main\AndroidManifest.xml:163:13-70
	android:name
		ADDED from src\main\AndroidManifest.xml:162:13-51
activity#com.chinatelecom.xjdh.ui.SecurityActivity_
ADDED from src\main\AndroidManifest.xml:164:9-166:82
	android:windowSoftInputMode
		ADDED from src\main\AndroidManifest.xml:166:13-70
	android:name
		ADDED from src\main\AndroidManifest.xml:165:13-49
activity#com.chinatelecom.xjdh.ui.StationPhotoActivity_
ADDED from src\main\AndroidManifest.xml:167:9-169:82
	android:windowSoftInputMode
		ADDED from src\main\AndroidManifest.xml:169:13-70
	android:name
		ADDED from src\main\AndroidManifest.xml:168:13-53
activity#com.chinatelecom.xjdh.ui.PersonGraphActivity_
ADDED from src\main\AndroidManifest.xml:170:9-172:82
	android:windowSoftInputMode
		ADDED from src\main\AndroidManifest.xml:172:13-70
	android:name
		ADDED from src\main\AndroidManifest.xml:171:13-52
activity#com.chinatelecom.xjdh.ui.DoneRoomActivity_
ADDED from src\main\AndroidManifest.xml:173:9-175:82
	android:windowSoftInputMode
		ADDED from src\main\AndroidManifest.xml:175:13-70
	android:name
		ADDED from src\main\AndroidManifest.xml:174:13-49
activity#com.chinatelecom.xjdh.ui.DoneActivity_
ADDED from src\main\AndroidManifest.xml:176:9-178:82
	android:windowSoftInputMode
		ADDED from src\main\AndroidManifest.xml:178:13-70
	android:name
		ADDED from src\main\AndroidManifest.xml:177:13-45
activity#com.chinatelecom.xjdh.ui.ManageActivity_
ADDED from src\main\AndroidManifest.xml:179:9-181:82
	android:windowSoftInputMode
		ADDED from src\main\AndroidManifest.xml:181:13-70
	android:name
		ADDED from src\main\AndroidManifest.xml:180:13-47
activity#com.chinatelecom.xjdh.ui.EnergysActivity_
ADDED from src\main\AndroidManifest.xml:182:9-184:82
	android:windowSoftInputMode
		ADDED from src\main\AndroidManifest.xml:184:13-70
	android:name
		ADDED from src\main\AndroidManifest.xml:183:13-48
activity#com.chinatelecom.xjdh.ui.UncommittActivity_
ADDED from src\main\AndroidManifest.xml:185:9-187:82
	android:windowSoftInputMode
		ADDED from src\main\AndroidManifest.xml:187:13-70
	android:name
		ADDED from src\main\AndroidManifest.xml:186:13-50
activity#com.chinatelecom.xjdh.ui.AboutActivity_
ADDED from src\main\AndroidManifest.xml:188:9-190:82
	android:windowSoftInputMode
		ADDED from src\main\AndroidManifest.xml:190:13-70
	android:name
		ADDED from src\main\AndroidManifest.xml:189:13-46
activity#com.chinatelecom.xjdh.ui.WorkRealismActivity_
ADDED from src\main\AndroidManifest.xml:191:9-194:55
	android:launchMode
		ADDED from src\main\AndroidManifest.xml:194:13-43
	android:configChanges
		ADDED from src\main\AndroidManifest.xml:193:13-83
	android:name
		ADDED from src\main\AndroidManifest.xml:192:13-52
activity#com.chinatelecom.xjdh.ui.ComputerRoomActivity_
ADDED from src\main\AndroidManifest.xml:195:9-197:82
	android:windowSoftInputMode
		ADDED from src\main\AndroidManifest.xml:197:13-70
	android:name
		ADDED from src\main\AndroidManifest.xml:196:13-53
activity#com.chinatelecom.xjdh.ui.EquipmentSubActivity_
ADDED from src\main\AndroidManifest.xml:198:9-201:82
	android:windowSoftInputMode
		ADDED from src\main\AndroidManifest.xml:201:13-70
	android:configChanges
		ADDED from src\main\AndroidManifest.xml:200:13-83
	android:name
		ADDED from src\main\AndroidManifest.xml:199:13-53
activity#com.chinatelecom.xjdh.uploadimg.BitmapCache_
ADDED from src\main\AndroidManifest.xml:202:9-204:82
	android:windowSoftInputMode
		ADDED from src\main\AndroidManifest.xml:204:13-70
	android:name
		ADDED from src\main\AndroidManifest.xml:203:13-51
activity#com.chinatelecom.xjdh.ui.FaultDetailActivity_
ADDED from src\main\AndroidManifest.xml:205:9-208:46
	android:launchMode
		ADDED from src\main\AndroidManifest.xml:208:13-43
	android:configChanges
		ADDED from src\main\AndroidManifest.xml:207:13-83
	android:name
		ADDED from src\main\AndroidManifest.xml:206:13-52
activity#com.chinatelecom.xjdh.uploadimg.GalleryActivity_
ADDED from src\main\AndroidManifest.xml:209:9-211:82
	android:windowSoftInputMode
		ADDED from src\main\AndroidManifest.xml:211:13-70
	android:name
		ADDED from src\main\AndroidManifest.xml:210:13-55
activity#com.chinatelecom.xjdh.ui.ToolUploadActivity_
ADDED from src\main\AndroidManifest.xml:212:9-214:82
	android:windowSoftInputMode
		ADDED from src\main\AndroidManifest.xml:214:13-70
	android:name
		ADDED from src\main\AndroidManifest.xml:213:13-51
activity#com.chinatelecom.xjdh.uploadimg.AlbumActivity_
ADDED from src\main\AndroidManifest.xml:215:9-217:82
	android:windowSoftInputMode
		ADDED from src\main\AndroidManifest.xml:217:13-70
	android:name
		ADDED from src\main\AndroidManifest.xml:216:13-53
activity#com.chinatelecom.xjdh.uploadimg.ImageFile_
ADDED from src\main\AndroidManifest.xml:218:9-220:82
	android:windowSoftInputMode
		ADDED from src\main\AndroidManifest.xml:220:13-70
	android:name
		ADDED from src\main\AndroidManifest.xml:219:13-49
activity#com.chinatelecom.xjdh.uploadimg.ShowAllPhoto_
ADDED from src\main\AndroidManifest.xml:221:9-223:82
	android:windowSoftInputMode
		ADDED from src\main\AndroidManifest.xml:223:13-70
	android:name
		ADDED from src\main\AndroidManifest.xml:222:13-52
activity#com.chinatelecom.xjdh.ui.AutographActivity_
ADDED from src\main\AndroidManifest.xml:224:9-226:82
	android:windowSoftInputMode
		ADDED from src\main\AndroidManifest.xml:226:13-70
	android:name
		ADDED from src\main\AndroidManifest.xml:225:13-50
activity#com.chinatelecom.xjdh.ui.EditDevActivity_
ADDED from src\main\AndroidManifest.xml:227:9-229:82
	android:windowSoftInputMode
		ADDED from src\main\AndroidManifest.xml:229:13-70
	android:name
		ADDED from src\main\AndroidManifest.xml:228:13-48
activity#com.chinatelecom.xjdh.ui.ModifyActivity_
ADDED from src\main\AndroidManifest.xml:230:9-232:73
	android:windowSoftInputMode
		ADDED from src\main\AndroidManifest.xml:232:13-70
	android:name
		ADDED from src\main\AndroidManifest.xml:231:13-47
activity#com.chinatelecom.xjdh.ui.NewFaultActivity_
ADDED from src\main\AndroidManifest.xml:233:9-235:73
	android:windowSoftInputMode
		ADDED from src\main\AndroidManifest.xml:235:13-70
	android:name
		ADDED from src\main\AndroidManifest.xml:234:13-49
activity#com.chinatelecom.xjdh.ui.UploadSignActivity_
ADDED from src\main\AndroidManifest.xml:236:9-238:82
	android:windowSoftInputMode
		ADDED from src\main\AndroidManifest.xml:238:13-70
	android:name
		ADDED from src\main\AndroidManifest.xml:237:13-51
activity#com.chinatelecom.xjdh.uploadimg.ImageZoomActivity_
ADDED from src\main\AndroidManifest.xml:239:9-241:82
	android:windowSoftInputMode
		ADDED from src\main\AndroidManifest.xml:241:13-70
	android:name
		ADDED from src\main\AndroidManifest.xml:240:13-57
activity#com.chinatelecom.xjdh.uploadimg.ImageChooseActivity_
ADDED from src\main\AndroidManifest.xml:242:9-244:82
	android:windowSoftInputMode
		ADDED from src\main\AndroidManifest.xml:244:13-70
	android:name
		ADDED from src\main\AndroidManifest.xml:243:13-59
activity#com.chinatelecom.xjdh.uploadimg.ImageBucketChooseActivity_
ADDED from src\main\AndroidManifest.xml:245:9-247:82
	android:windowSoftInputMode
		ADDED from src\main\AndroidManifest.xml:247:13-70
	android:name
		ADDED from src\main\AndroidManifest.xml:246:13-65
activity#com.chinatelecom.xjdh.ui.AnswerUploadActivity_
ADDED from src\main\AndroidManifest.xml:248:9-250:82
	android:windowSoftInputMode
		ADDED from src\main\AndroidManifest.xml:250:13-70
	android:name
		ADDED from src\main\AndroidManifest.xml:249:13-53
activity#com.chinatelecom.xjdh.ui.SeePhotosActivity_
ADDED from src\main\AndroidManifest.xml:251:9-253:82
	android:windowSoftInputMode
		ADDED from src\main\AndroidManifest.xml:253:13-70
	android:name
		ADDED from src\main\AndroidManifest.xml:252:13-50
activity#com.chinatelecom.xjdh.ui.RealtimeAlarmActivity_
ADDED from src\main\AndroidManifest.xml:254:9-256:82
	android:windowSoftInputMode
		ADDED from src\main\AndroidManifest.xml:256:13-70
	android:name
		ADDED from src\main\AndroidManifest.xml:255:13-54
activity#com.chinatelecom.xjdh.ui.BoardSettingActivity_
ADDED from src\main\AndroidManifest.xml:257:9-259:82
	android:windowSoftInputMode
		ADDED from src\main\AndroidManifest.xml:259:13-70
	android:name
		ADDED from src\main\AndroidManifest.xml:258:13-53
activity#com.chinatelecom.xjdh.ui.SPDevTestActivity_
ADDED from src\main\AndroidManifest.xml:260:9-262:82
	android:windowSoftInputMode
		ADDED from src\main\AndroidManifest.xml:262:13-70
	android:name
		ADDED from src\main\AndroidManifest.xml:261:13-50
activity#com.chinatelecom.xjdh.ui.NetworkTestActivity_
ADDED from src\main\AndroidManifest.xml:263:9-265:82
	android:windowSoftInputMode
		ADDED from src\main\AndroidManifest.xml:265:13-70
	android:name
		ADDED from src\main\AndroidManifest.xml:264:13-52
activity#com.chinatelecom.xjdh.ui.SMDDeviceMonitor_
ADDED from src\main\AndroidManifest.xml:266:9-268:82
	android:windowSoftInputMode
		ADDED from src\main\AndroidManifest.xml:268:13-70
	android:name
		ADDED from src\main\AndroidManifest.xml:267:13-49
activity#com.chinatelecom.xjdh.ui.TestEquipmentActivity_
ADDED from src\main\AndroidManifest.xml:269:9-271:73
	android:windowSoftInputMode
		ADDED from src\main\AndroidManifest.xml:271:13-70
	android:name
		ADDED from src\main\AndroidManifest.xml:270:13-54
activity#com.chinatelecom.xjdh.ui.DevMonitorListActivity_
ADDED from src\main\AndroidManifest.xml:272:9-274:73
	android:windowSoftInputMode
		ADDED from src\main\AndroidManifest.xml:274:13-70
	android:name
		ADDED from src\main\AndroidManifest.xml:273:13-55
activity#com.chinatelecom.xjdh.ui.MainActivity_
ADDED from src\main\AndroidManifest.xml:275:9-277:77
	android:configChanges
		ADDED from src\main\AndroidManifest.xml:277:13-74
	android:name
		ADDED from src\main\AndroidManifest.xml:276:13-45
activity#com.chinatelecom.xjdh.ui.AlarmActivity_
ADDED from src\main\AndroidManifest.xml:278:9-281:46
	android:launchMode
		ADDED from src\main\AndroidManifest.xml:281:13-43
	android:configChanges
		ADDED from src\main\AndroidManifest.xml:280:13-83
	android:name
		ADDED from src\main\AndroidManifest.xml:279:13-46
activity#com.chinatelecom.xjdh.ui.DoingActivity_
ADDED from src\main\AndroidManifest.xml:282:9-285:55
	android:windowSoftInputMode
		ADDED from src\main\AndroidManifest.xml:285:13-52
	android:configChanges
		ADDED from src\main\AndroidManifest.xml:284:13-83
	android:name
		ADDED from src\main\AndroidManifest.xml:283:13-46
activity#com.chinatelecom.xjdh.ui.DoingToolActivity_
ADDED from src\main\AndroidManifest.xml:286:9-289:55
	android:windowSoftInputMode
		ADDED from src\main\AndroidManifest.xml:289:13-52
	android:configChanges
		ADDED from src\main\AndroidManifest.xml:288:13-83
	android:name
		ADDED from src\main\AndroidManifest.xml:287:13-50
activity#com.chinatelecom.xjdh.ui.MonitorActivity_
ADDED from src\main\AndroidManifest.xml:290:9-293:55
	android:windowSoftInputMode
		ADDED from src\main\AndroidManifest.xml:293:13-52
	android:configChanges
		ADDED from src\main\AndroidManifest.xml:292:13-83
	android:name
		ADDED from src\main\AndroidManifest.xml:291:13-48
activity#com.chinatelecom.xjdh.ui.MonSeachActivity_
ADDED from src\main\AndroidManifest.xml:294:9-297:55
	android:windowSoftInputMode
		ADDED from src\main\AndroidManifest.xml:297:13-52
	android:configChanges
		ADDED from src\main\AndroidManifest.xml:296:13-83
	android:name
		ADDED from src\main\AndroidManifest.xml:295:13-49
activity#com.chinatelecom.xjdh.ui.RoomListActivity_
ADDED from src\main\AndroidManifest.xml:298:9-301:55
	android:windowSoftInputMode
		ADDED from src\main\AndroidManifest.xml:301:13-52
	android:configChanges
		ADDED from src\main\AndroidManifest.xml:300:13-83
	android:name
		ADDED from src\main\AndroidManifest.xml:299:13-49
activity#com.chinatelecom.xjdh.ui.AllStationActivity_
ADDED from src\main\AndroidManifest.xml:302:9-304:86
	android:configChanges
		ADDED from src\main\AndroidManifest.xml:304:13-83
	android:name
		ADDED from src\main\AndroidManifest.xml:303:13-51
activity#com.chinatelecom.xjdh.ui.RoomDevListActivity_
ADDED from src\main\AndroidManifest.xml:305:9-308:55
	android:windowSoftInputMode
		ADDED from src\main\AndroidManifest.xml:308:13-52
	android:configChanges
		ADDED from src\main\AndroidManifest.xml:307:13-83
	android:name
		ADDED from src\main\AndroidManifest.xml:306:13-52
activity#com.chinatelecom.xjdh.ui.WebViewActivity_
ADDED from src\main\AndroidManifest.xml:309:9-311:86
	android:configChanges
		ADDED from src\main\AndroidManifest.xml:311:13-83
	android:name
		ADDED from src\main\AndroidManifest.xml:310:13-48
activity#com.chinatelecom.xjdh.ui.QuestionActivity_
ADDED from src\main\AndroidManifest.xml:312:9-315:52
	android:screenOrientation
		ADDED from src\main\AndroidManifest.xml:315:13-49
	android:configChanges
		ADDED from src\main\AndroidManifest.xml:314:13-83
	android:name
		ADDED from src\main\AndroidManifest.xml:313:13-49
activity#com.chinatelecom.xjdh.ui.AllFaultActivity_
ADDED from src\main\AndroidManifest.xml:316:9-319:52
	android:screenOrientation
		ADDED from src\main\AndroidManifest.xml:319:13-49
	android:configChanges
		ADDED from src\main\AndroidManifest.xml:318:13-83
	android:name
		ADDED from src\main\AndroidManifest.xml:317:13-49
activity#com.chinatelecom.xjdh.ui.OverhaulActivity_
ADDED from src\main\AndroidManifest.xml:320:9-323:52
	android:screenOrientation
		ADDED from src\main\AndroidManifest.xml:323:13-49
	android:configChanges
		ADDED from src\main\AndroidManifest.xml:322:13-83
	android:name
		ADDED from src\main\AndroidManifest.xml:321:13-49
activity#com.chinatelecom.xjdh.ui.SubmitFaultActivity_
ADDED from src\main\AndroidManifest.xml:324:9-327:52
	android:screenOrientation
		ADDED from src\main\AndroidManifest.xml:327:13-49
	android:configChanges
		ADDED from src\main\AndroidManifest.xml:326:13-83
	android:name
		ADDED from src\main\AndroidManifest.xml:325:13-52
activity#com.chinatelecom.xjdh.ui.DetailsActivity_
ADDED from src\main\AndroidManifest.xml:328:9-331:52
	android:screenOrientation
		ADDED from src\main\AndroidManifest.xml:331:13-49
	android:configChanges
		ADDED from src\main\AndroidManifest.xml:330:13-83
	android:name
		ADDED from src\main\AndroidManifest.xml:329:13-48
activity#com.chinatelecom.xjdh.ui.ModeActivity_
ADDED from src\main\AndroidManifest.xml:332:9-335:52
	android:screenOrientation
		ADDED from src\main\AndroidManifest.xml:335:13-49
	android:configChanges
		ADDED from src\main\AndroidManifest.xml:334:13-83
	android:name
		ADDED from src\main\AndroidManifest.xml:333:13-45
activity#com.chinatelecom.xjdh.ui.ConstructionActivity_
ADDED from src\main\AndroidManifest.xml:336:9-339:52
	android:screenOrientation
		ADDED from src\main\AndroidManifest.xml:339:13-49
	android:configChanges
		ADDED from src\main\AndroidManifest.xml:338:13-83
	android:name
		ADDED from src\main\AndroidManifest.xml:337:13-53
activity#com.chinatelecom.xjdh.ui.FaultStationActivity_
ADDED from src\main\AndroidManifest.xml:340:9-343:52
	android:screenOrientation
		ADDED from src\main\AndroidManifest.xml:343:13-49
	android:configChanges
		ADDED from src\main\AndroidManifest.xml:342:13-83
	android:name
		ADDED from src\main\AndroidManifest.xml:341:13-53
activity#com.chinatelecom.xjdh.ui.FaultDeviceActivity_
ADDED from src\main\AndroidManifest.xml:344:9-347:52
	android:screenOrientation
		ADDED from src\main\AndroidManifest.xml:347:13-49
	android:configChanges
		ADDED from src\main\AndroidManifest.xml:346:13-83
	android:name
		ADDED from src\main\AndroidManifest.xml:345:13-52
activity#com.chinatelecom.xjdh.ui.FaultRoomActivity_
ADDED from src\main\AndroidManifest.xml:348:9-351:52
	android:screenOrientation
		ADDED from src\main\AndroidManifest.xml:351:13-49
	android:configChanges
		ADDED from src\main\AndroidManifest.xml:350:13-83
	android:name
		ADDED from src\main\AndroidManifest.xml:349:13-50
activity#com.chinatelecom.xjdh.ui.AnswerActivity_
ADDED from src\main\AndroidManifest.xml:352:9-355:52
	android:screenOrientation
		ADDED from src\main\AndroidManifest.xml:355:13-49
	android:configChanges
		ADDED from src\main\AndroidManifest.xml:354:13-83
	android:name
		ADDED from src\main\AndroidManifest.xml:353:13-47
activity#com.chinatelecom.xjdh.ui.Real_Edit_timeActivity_
ADDED from src\main\AndroidManifest.xml:356:9-359:52
	android:screenOrientation
		ADDED from src\main\AndroidManifest.xml:359:13-49
	android:configChanges
		ADDED from src\main\AndroidManifest.xml:358:13-83
	android:name